<?xml version="1.0" encoding="UTF-8"?>
<!-- Generated by org.testng.reporters.JUnitXMLReporter -->
<testsuite ignored="2" hostname="DESKTOP-2RL33PM" failures="1" tests="2" name="TestQA" time="27.218" errors="0" timestamp="2022-12-20T07:49:02 IST">
  <testcase classname="scripts.Script2" name="createCustomer" time="0.071">
    <failure type="java.lang.AssertionError" message="Home page is not displayed">
      <![CDATA[java.lang.AssertionError: Home page is not displayed
at scripts.Script2.createCustomer(Script2.java:16)
at java.base/java.util.ArrayList.forEach(ArrayList.java:1511)
at java.base/java.util.concurrent.FutureTask.run(FutureTask.java:264)
at java.base/java.util.concurrent.ThreadPoolExecutor.runWorker(ThreadPoolExecutor.java:1130)
at java.base/java.util.concurrent.ThreadPoolExecutor$Worker.run(ThreadPoolExecutor.java:630)
at java.base/java.lang.Thread.run(Thread.java:831)
... Removed 18 stack frames]]>
    </failure>
  </testcase> <!-- createCustomer -->
  <testcase classname="scripts.Script1" name="createCustomer" time="0.045"/>
  <testcase classname="generic.BaseTest" name="@BeforeSuite createReport" time="0.0">
    <ignored/>
  </testcase> <!-- @BeforeSuite createReport -->
  <testcase classname="generic.BaseTest" name="@AfterSuite publishReport" time="0.0">
    <ignored/>
  </testcase> <!-- @AfterSuite publishReport -->
</testsuite> <!-- TestQA -->
